2014/12/28 12:59:21 INFO  - jmeter.util.JMeterUtils: Setting Locale to en_US 
2014/12/28 12:59:21 INFO  - jmeter.JMeter: Loading user properties from: /usr/local/Cellar/jmeter/2.12/libexec/bin/user.properties 
2014/12/28 12:59:21 INFO  - jmeter.JMeter: Loading system properties from: /usr/local/Cellar/jmeter/2.12/libexec/bin/system.properties 
2014/12/28 12:59:21 INFO  - jmeter.JMeter: Copyright (c) 1998-2014 The Apache Software Foundation 
2014/12/28 12:59:21 INFO  - jmeter.JMeter: Version 2.12 r1636949 
2014/12/28 12:59:21 INFO  - jmeter.JMeter: java.version=1.7.0_25 
2014/12/28 12:59:21 INFO  - jmeter.JMeter: java.vm.name=Java HotSpot(TM) 64-Bit Server VM 
2014/12/28 12:59:21 INFO  - jmeter.JMeter: os.name=Mac OS X 
2014/12/28 12:59:21 INFO  - jmeter.JMeter: os.arch=x86_64 
2014/12/28 12:59:21 INFO  - jmeter.JMeter: os.version=10.10.1 
2014/12/28 12:59:21 INFO  - jmeter.JMeter: file.encoding=UTF-8 
2014/12/28 12:59:21 INFO  - jmeter.JMeter: Default Locale=English (United States) 
2014/12/28 12:59:21 INFO  - jmeter.JMeter: JMeter  Locale=English (United States) 
2014/12/28 12:59:21 INFO  - jmeter.JMeter: JMeterHome=/usr/local/Cellar/jmeter/2.12/libexec 
2014/12/28 12:59:21 INFO  - jmeter.JMeter: user.dir  =/Volumes/MonsterHD/mydev/perftest1 
2014/12/28 12:59:21 INFO  - jmeter.JMeter: PWD       =/Volumes/MonsterHD/mydev/perftest1 
2014/12/28 12:59:26 ERROR - jmeter.util.JMeterUtils: Unable to get local host IP address. 
2014/12/28 12:59:31 ERROR - jmeter.util.JMeterUtils: Unable to get local host IP address. 
2014/12/28 12:59:36 ERROR - jmeter.util.JMeterUtils: Unable to get local host IP address. 
2014/12/28 12:59:36 INFO  - jmeter.JMeter: IP: null Name: null FullName: null 
2014/12/28 12:59:36 INFO  - jmeter.JMeter: Loaded icon properties from org/apache/jmeter/images/icon.properties 
2014/12/28 12:59:38 INFO  - jmeter.engine.util.CompoundVariable: Note: Function class names must contain the string: '.functions.' 
2014/12/28 12:59:38 INFO  - jmeter.engine.util.CompoundVariable: Note: Function class names must not contain the string: '.gui.' 
2014/12/28 12:59:38 INFO  - jmeter.gui.action.LookAndFeelCommand: Using look and feel: com.apple.laf.AquaLookAndFeel [Mac OS X, System] 
2014/12/28 12:59:39 INFO  - jmeter.util.BSFTestElement: Registering JMeter version of JavaScript engine as work-round for BSF-22 
2014/12/28 12:59:40 INFO  - jmeter.protocol.http.sampler.HTTPSamplerBase: Cannot find .className property for htmlParser, using default 
2014/12/28 12:59:40 INFO  - jmeter.protocol.http.sampler.HTTPSamplerBase: Parser for text/html is  
2014/12/28 12:59:40 INFO  - jmeter.protocol.http.sampler.HTTPSamplerBase: Parser for application/xhtml+xml is  
2014/12/28 12:59:40 INFO  - jmeter.protocol.http.sampler.HTTPSamplerBase: Parser for application/xml is  
2014/12/28 12:59:40 INFO  - jmeter.protocol.http.sampler.HTTPSamplerBase: Parser for text/xml is  
2014/12/28 12:59:40 INFO  - jmeter.protocol.http.sampler.HTTPSamplerBase: Parser for text/vnd.wap.wml is org.apache.jmeter.protocol.http.parser.RegexpHTMLParser 
2014/12/28 12:59:40 INFO  - jmeter.gui.util.MenuFactory: Skipping org.apache.jmeter.protocol.http.control.gui.WebServiceSamplerGui 
2014/12/28 12:59:40 INFO  - jmeter.gui.util.MenuFactory: Skipping org.apache.jmeter.protocol.http.modifier.gui.ParamModifierGui 
2014/12/28 12:59:40 INFO  - jorphan.exec.KeyToolUtils: keytool found at 'keytool' 
2014/12/28 12:59:40 INFO  - jmeter.protocol.http.proxy.ProxyControl: HTTP(S) Test Script Recorder SSL Proxy will use keys that support embedded 3rd party resources in file /usr/local/Cellar/jmeter/2.12/libexec/bin/proxyserver.jks 
2014/12/28 12:59:41 INFO  - jmeter.samplers.SampleResult: Note: Sample TimeStamps are START times 
2014/12/28 12:59:41 INFO  - jmeter.samplers.SampleResult: sampleresult.default.encoding is set to ISO-8859-1 
2014/12/28 12:59:41 INFO  - jmeter.samplers.SampleResult: sampleresult.useNanoTime=true 
2014/12/28 12:59:41 INFO  - jmeter.samplers.SampleResult: sampleresult.nanoThreadSleep=5000 
2014/12/28 12:59:51 INFO  - jmeter.services.FileServer: Default base='/Volumes/MonsterHD/mydev/perftest1' 
2014/12/28 12:59:51 INFO  - jmeter.gui.action.Load: Loading file: /Volumes/MonsterHD/mydev/perftest1/perftest1.jmx 
2014/12/28 12:59:51 INFO  - jmeter.services.FileServer: Set new base='/Volumes/MonsterHD/mydev/perftest1' 
2014/12/28 12:59:51 INFO  - jmeter.save.SaveService: Testplan (JMX) version: 2.2. Testlog (JTL) version: 2.2 
2014/12/28 12:59:51 INFO  - jmeter.save.SaveService: Using SaveService properties file encoding UTF-8 
2014/12/28 12:59:51 INFO  - jmeter.save.SaveService: Using SaveService properties version 2.7 
2014/12/28 12:59:51 INFO  - jmeter.save.SaveService: Using SaveService properties file version 1618048 
2014/12/28 12:59:51 INFO  - jmeter.save.SaveService: All converter versions present and correct 
2014/12/28 12:59:51 INFO  - jmeter.protocol.http.control.CacheManager: Will only cache the following methods: [GET] 
2014/12/28 12:59:51 INFO  - jmeter.protocol.http.control.CookieManager: Settings: Delete null: true Check: true Allow variable: true Save: false Prefix: COOKIE_ 
2014/12/28 12:59:51 INFO  - jmeter.services.FileServer: Set new base='/Volumes/MonsterHD/mydev/perftest1' 
2014/12/28 13:00:03 INFO  - jmeter.save.CSVSaveService: /Volumes/MonsterHD/mydev/perftest1/test1.jtl does not appear to have a valid header. Using default configuration. 
2014/12/28 13:00:08 ERROR - jmeter.util.JMeterUtils: Unable to get local host IP address. 
2014/12/28 13:00:08 INFO  - jmeter.samplers.SampleEvent: List of sample_variables: [] 
